<?xml version="1.0" encoding="UTF-8"?>
<!-- Generated by org.testng.reporters.JUnitXMLReporter -->
<testsuite ignored="9" hostname="DELL" failures="0" tests="1" name="GroupExecution" time="5.602" errors="0" timestamp="2024-03-29T14:38:16 IST">
  <testcase classname="digi.DemoTest" name="login_001" time="5.537"/>
  <testcase classname="digi.DependTest" name="register" time="0.0">
    <ignored/>
  </testcase> <!-- register -->
  <testcase classname="digi.DependTest" name="addToCart" time="0.0">
    <ignored/>
  </testcase> <!-- addToCart -->
  <testcase classname="digi.LoginTest" name="login_001" time="0.0">
    <ignored/>
  </testcase> <!-- login_001 -->
  <testcase classname="digi.Reg" name="login_001" time="0.0">
    <ignored/>
  </testcase> <!-- login_001 -->
  <testcase classname="digi.DemoTest" name="login_002" time="0.0">
    <ignored/>
  </testcase> <!-- login_002 -->
  <testcase classname="digi.LoginTest" name="login_002" time="0.0">
    <ignored/>
  </testcase> <!-- login_002 -->
  <testcase classname="digi.Reg" name="login_002" time="0.0">
    <ignored/>
  </testcase> <!-- login_002 -->
  <testcase classname="digi.DependTest" name="Payment" time="0.0">
    <ignored/>
  </testcase> <!-- Payment -->
  <testcase classname="digi.DependTest" name="login" time="0.0">
    <ignored/>
  </testcase> <!-- login -->
</testsuite> <!-- GroupExecution -->
