<?xml version="1.0" encoding="UTF-8"?>
<!-- Generated by org.testng.reporters.JUnitXMLReporter -->
<testsuite ignored="4" hostname="DELL" failures="0" tests="4" name="Test2" time="25.515" errors="0" timestamp="2024-04-04T14:03:28 IST">
  <testcase classname="testscripts.BooksTest" name="book_001" time="0.0">
    <skipped/>
  </testcase> <!-- book_001 -->
  <testcase classname="testscripts.BooksTest" name="book_002" time="0.0">
    <skipped/>
  </testcase> <!-- book_002 -->
  <testcase classname="testscripts.ComputersTest" name="comp001" time="0.0">
    <skipped/>
  </testcase> <!-- comp001 -->
  <testcase classname="testscripts.ComputersTest" name="comp002" time="0.0">
    <skipped/>
  </testcase> <!-- comp002 -->
  <testcase classname="genericLibrary.BaseClass" name="@BeforeTest bft" time="0.0">
    <ignored/>
  </testcase> <!-- @BeforeTest bft -->
  <testcase classname="genericLibrary.BaseClass" name="@BeforeSuite beforesuite" time="0.0">
    <ignored/>
  </testcase> <!-- @BeforeSuite beforesuite -->
  <testcase classname="genericLibrary.BaseClass" name="@AfterSuite as" time="0.0">
    <ignored/>
  </testcase> <!-- @AfterSuite as -->
  <testcase classname="genericLibrary.BaseClass" name="@AfterTest aft" time="0.0">
    <ignored/>
  </testcase> <!-- @AfterTest aft -->
</testsuite> <!-- Test2 -->
