<?xml version="1.0" encoding="UTF-8"?>
<!-- Generated by org.testng.reporters.JUnitXMLReporter -->
<testsuite ignored="1" hostname="DELL" failures="1" tests="2" name="Test" time="11.45" errors="0" timestamp="2024-04-14T17:23:56 IST">
  <testcase classname="testscripts.HomePageTest" name="home_003" time="0.032"/>
  <testcase classname="testscripts.HomePageTest" name="home_004" time="0.0">
    <failure type="java.lang.RuntimeException" message="org.apache.poi.EmptyFileException: The supplied file was empty (zero bytes long)">
      <![CDATA[java.lang.RuntimeException: org.apache.poi.EmptyFileException: The supplied file was empty (zero bytes long)
at java.base/java.util.ArrayList.forEach(ArrayList.java:1511)
Caused by: org.apache.poi.EmptyFileException: The supplied file was empty (zero bytes long)
at org.apache.poi.ss.usermodel.WorkbookFactory.create(WorkbookFactory.java:218)
at org.apache.poi.ss.usermodel.WorkbookFactory.create(WorkbookFactory.java:185)
at genericLibrary.ExcelUtility.readRowData(ExcelUtility.java:43)
at testscripts.HomePageTest.productdata(HomePageTest.java:37)
... 25 more
... Removed 32 stack frames]]>
    </failure>
  </testcase> <!-- home_004 -->
  <testcase classname="testscripts.HomePageTest" name="home_001" time="0.0">
    <ignored/>
  </testcase> <!-- home_001 -->
</testsuite> <!-- Test -->
