<?xml version="1.0" encoding="UTF-8"?>
<!-- Generated by org.testng.reporters.JUnitXMLReporter -->
<testsuite ignored="4" hostname="DELL" failures="0" tests="4" name="Test3" time="48.637" errors="0" timestamp="2024-04-04T14:03:51 IST">
  <testcase classname="testscripts.BooksTest" name="book_001" time="2.329"/>
  <testcase classname="testscripts.BooksTest" name="book_002" time="1.129"/>
  <testcase classname="testscripts.ComputersTest" name="comp001" time="3.245"/>
  <testcase classname="testscripts.ComputersTest" name="comp002" time="0.685"/>
  <testcase classname="genericLibrary.BaseClass" name="@BeforeTest bft" time="0.0">
    <ignored/>
  </testcase> <!-- @BeforeTest bft -->
  <testcase classname="genericLibrary.BaseClass" name="@AfterTest aft" time="0.0">
    <ignored/>
  </testcase> <!-- @AfterTest aft -->
  <testcase classname="genericLibrary.BaseClass" name="@AfterSuite as" time="0.0">
    <ignored/>
  </testcase> <!-- @AfterSuite as -->
  <testcase classname="genericLibrary.BaseClass" name="@BeforeSuite beforesuite" time="0.0">
    <ignored/>
  </testcase> <!-- @BeforeSuite beforesuite -->
</testsuite> <!-- Test3 -->
